********************************************************************************
DUPLICATOR-LITE PACKAGE-LOG: 26. March 2018 11:59
NOTICE: Do NOT post to public sites or forums 
********************************************************************************
VERSION:	1.2.34
WORDPRESS:	4.9.4
PHP INFO:	5.4.20 | SAPI: apache2handler
SERVER:		Apache/2.4.6 (Linux/SUSE) 
PHP TIME LIMIT: (0) no time limit imposed 
PHP MAX MEMORY: 2048M (128M default) 
MEMORY STACK: 28.75MB 

********************************************************************************
DATABASE:
********************************************************************************
BUILD MODE:   PHP(query limit - 100)
MYSQLTIMEOUT: 5000
MYSQLDUMP:    Is Supported 
TABLES: total:24 | filtered:0 | create:24 
FILTERED: [] 
SQL CREATED: 20170412_ultrafastonlineprocessing_7b20ba9d2c7854e93677180326115904_database.sql 
SQL FILE SIZE: 10.45MB (10956978) 
SQL FILE TIME: 2018-03-26 11:59:24 
SQL RUNTIME: 13.37 sec. 

******************************************************************************** 
ARCHIVE (ZIP): 
******************************************************************************** 
ARCHIVE DIR:  /srv/www/htdocs/dis 
ARCHIVE FILE: 20170412_ultrafastonlineprocessing_7b20ba9d2c7854e93677180326115904_archive.zip 
FILTERS: *OFF* 
DIRS:
	not set 
FILES:
	not set 
EXTS:  not set 
---------------------------------------- 
COMPRESSING 
SIZE:	87.6MB 
STATS:	Dirs 731 | Files 4,834 
SQL ADDED: 20170412_ultrafastonlineprocessing_7b20ba9d2c7854e93677180326115904_database.sql 
ZipArchive Object
(
    [status] => 0
    [statusSys] => 0
    [numFiles] => 5565
    [filename] => /srv/www/htdocs/dis/wp-snapshots/tmp/20170412_ultrafastonlineprocessing_7b20ba9d2c7854e93677180326115904_archive.zip
    [comment] => 
)
 
COMPRESSION RESULT: '1' 
COMPRESSED SIZE: 48.54MB 
ARCHIVE RUNTIME: 12.86 sec. 
MEMORY STACK: 31.5MB 

******************************************************************************** 
MAKE INSTALLER: 
******************************************************************************** 
Build Start 
Build Finished 
Preping for use 
PACK SIZE:  
Template parsed with new data 
Complete [/srv/www/htdocs/dis/wp-snapshots/tmp/20170412_ultrafastonlineprocessing_7b20ba9d2c7854e93677180326115904_installer.php] 
Added to archive 

******************************************************************************** 
INTEGRITY CHECKS: 
******************************************************************************** 
SQL File: 10.45MB 
Installer File: 445.28KB 
Archive File: 48.54MB  

********************************************************************************
RECORD ID:[7]
TOTAL PROCESS RUNTIME: 26.50 sec.
PEAK PHP MEMORY USED: 34MB
DONE PROCESSING => 20170412_ultrafastonlineprocessing 26. March 2018 11:59
 
