********************************************************************************
DUPLICATOR-LITE PACKAGE-LOG: 2017-09-11 13:47:02
NOTICE: Do NOT post to public sites or forums 
********************************************************************************
VERSION:	1.2.24
WORDPRESS:	4.8.1
PHP INFO:	5.4.20 | SAPI: apache2handler
SERVER:		Apache/2.4.6 (Linux/SUSE) 
PHP TIME LIMIT: (0) no time limit imposed 
PHP MAX MEMORY: 2048M (128M default) 
MEMORY STACK: 26.5MB 

********************************************************************************
DATABASE:
********************************************************************************
BUILD MODE:   PHP(query limit - 100)
MYSQLTIMEOUT: 5000
MYSQLDUMP:    Is Supported 
TABLES: total:23 | filtered:0 | create:23 
FILTERED: [] 
SQL CREATED: 20170412_ultrafastonlineprocessing_bc77cf39931917ae6278170911134658_database.sql 
SQL FILE SIZE: 7.2MB (7551502) 
SQL FILE TIME: 2017-09-11 13:47:04 
SQL RUNTIME: 1.62 sec. 

******************************************************************************** 
ARCHIVE (ZIP): 
******************************************************************************** 
ARCHIVE DIR:  /srv/www/htdocs/dis 
ARCHIVE FILE: 20170412_ultrafastonlineprocessing_bc77cf39931917ae6278170911134658_archive.zip 
FILTERS: *OFF* 
DIRS:
	not set 
FILES:
	not set 
EXTS:  not set 
---------------------------------------- 
COMPRESSING 
SIZE:	79.26MB 
STATS:	Dirs 489 | Files 3,724 
SQL ADDED: 20170412_ultrafastonlineprocessing_bc77cf39931917ae6278170911134658_database.sql 
ZipArchive Object
(
    [status] => 0
    [statusSys] => 0
    [numFiles] => 4213
    [filename] => /srv/www/htdocs/dis/wp-snapshots/tmp/20170412_ultrafastonlineprocessing_bc77cf39931917ae6278170911134658_archive.zip
    [comment] => 
)
 
COMPRESSION RESULT: '1' 
COMPRESSED SIZE: 45.31MB 
ARCHIVE RUNTIME: 12.42 sec. 
MEMORY STACK: 28.75MB 

******************************************************************************** 
MAKE INSTALLER: 
******************************************************************************** 
Build Start 
Build Finished 
Preping for use 
PACK SIZE:  
Template parsed with new data 
Complete [/srv/www/htdocs/dis/wp-snapshots/tmp/20170412_ultrafastonlineprocessing_bc77cf39931917ae6278170911134658_installer.php] 
Added to archive 

******************************************************************************** 
INTEGRITY CHECKS: 
******************************************************************************** 
SQL File: 7.2MB 
Installer File: 435.03KB 
Archive File: 45.31MB  

********************************************************************************
RECORD ID:[6]
TOTAL PROCESS RUNTIME: 14.25 sec.
PEAK PHP MEMORY USED: 30.75MB
DONE PROCESSING => 20170412_ultrafastonlineprocessing 2017-09-11 13:47:16
 
