********************************************************************************
DUPLICATOR-LITE PACKAGE-LOG: 2017-04-12 19:28:54
NOTICE: Do NOT post to public sites or forums 
********************************************************************************
VERSION:	1.2.4
WORDPRESS:	4.7.3
PHP INFO:	5.4.20 | SAPI: apache2handler
SERVER:		Apache/2.4.6 (Linux/SUSE) 
PHP TIME LIMIT: (0) no time limit imposed 
PHP MAX MEMORY: 2048M (128M default) 
MEMORY STACK: 23.5MB 

********************************************************************************
DATABASE:
********************************************************************************
BUILD MODE:   PHP(query limit - 100)
MYSQLTIMEOUT: 5000
MYSQLDUMP:    Is Supported 
TABLES: total:16 | filtered:0 | create:16 
FILTERED: [] 
SQL CREATED: 20170412_ultrafastonlineprocessing_55fc6474764152d51831170412192850_database.sql 
SQL FILE SIZE: 4.22MB (4424995) 
SQL FILE TIME: 2017-04-12 19:28:54 
SQL RUNTIME: 0.19 sec. 

******************************************************************************** 
ARCHIVE (ZIP): 
******************************************************************************** 
ARCHIVE DIR:  /srv/www/htdocs/dis 
ARCHIVE FILE: 20170412_ultrafastonlineprocessing_55fc6474764152d51831170412192850_archive.zip 
FILTERS: *OFF* 
DIRS: not set 
EXTS:  not set 
---------------------------------------- 
COMPRESSING 
SIZE:	51.55MB 
STATS:	Dirs 218 | Files 2,015 
SQL ADDED: 20170412_ultrafastonlineprocessing_55fc6474764152d51831170412192850_database.sql 
ZipArchive Object
(
    [status] => 0
    [statusSys] => 0
    [numFiles] => 2233
    [filename] => /srv/www/htdocs/dis/wp-snapshots/tmp/20170412_ultrafastonlineprocessing_55fc6474764152d51831170412192850_archive.zip
    [comment] => 
)
 
COMPRESSION RESULT: '1' 
COMPRESSED SIZE: 34.03MB 
ARCHIVE RUNTIME: 2.90 sec. 
MEMORY STACK: 25.25MB 

******************************************************************************** 
MAKE INSTALLER: 
******************************************************************************** 
Build Start 
Build Finished 
Preping for use 
Template parsed with new data 
Complete [/srv/www/htdocs/dis/wp-snapshots/tmp/20170412_ultrafastonlineprocessing_55fc6474764152d51831170412192850_installer.php] 
Added to archive 

******************************************************************************** 
INTEGRITY CHECKS: 
******************************************************************************** 
SQL File: 4.22MB 
Installer File: 419.62KB 
Archive File: 34.03MB  

********************************************************************************
RECORD ID:[4]
TOTAL PROCESS RUNTIME: 3.29 sec.
PEAK PHP MEMORY USED: 27.75MB
DONE PROCESSING => 20170412_ultrafastonlineprocessing 2017-04-12 19:28:57
 
